<?xml version="1.0" encoding="UTF-8"?>
<!-- Generated by org.testng.reporters.JUnitReportReporter -->
<testsuite hostname="DELL" failures="0" tests="1" name="vtiger.Practice.ReadDataFromCmdLine" time="0.009" errors="0" timestamp="2022-12-12T20:36:31 IST" skipped="0">
  <testcase classname="vtiger.Practice.ReadDataFromCmdLine" name="readData" time="0.009"/>
  <system-out/>
</testsuite> <!-- vtiger.Practice.ReadDataFromCmdLine -->
