<?xml version="1.0" encoding="UTF-8"?>
<!-- Generated by org.testng.reporters.JUnitReportReporter -->
<testsuite hostname="DELL" failures="0" tests="3" name="vtiger.Practice.DataProviderPractice" time="0.023" errors="0" timestamp="2022-11-23T16:05:32 IST" skipped="0">
  <testcase classname="vtiger.Practice.DataProviderPractice" name="dataProviderPractice" time="0.004"/>
  <system-out/>
  <testcase classname="vtiger.Practice.DataProviderPractice" name="dataProviderPractice" time="0.008"/>
  <system-out/>
  <testcase classname="vtiger.Practice.DataProviderPractice" name="dataProviderPractice" time="0.011"/>
  <system-out/>
</testsuite> <!-- vtiger.Practice.DataProviderPractice -->
