<?xml version="1.0" encoding="UTF-8"?>
<!-- Generated by org.testng.reporters.JUnitReportReporter -->
<testsuite hostname="DELL" failures="0" tests="3" name="vtiger.Practice.TestNGPractice" time="0.013" errors="0" timestamp="2022-11-21T17:03:40 IST" skipped="0">
  <testcase classname="vtiger.Practice.TestNGPractice" name="modifyCustomerTest" time="0.001"/>
  <system-out/>
  <testcase classname="vtiger.Practice.TestNGPractice" name="createCustomerTest" time="0.011"/>
  <system-out/>
  <testcase classname="vtiger.Practice.TestNGPractice" name="deleteCustomerTest" time="0.001"/>
  <system-out/>
</testsuite> <!-- vtiger.Practice.TestNGPractice -->
